Arguments: 
  C:\Program Files\nodejs\node.exe C:\Program Files (x86)\Yarn\bin\yarn.js add import-map

PATH: 
  C:\Python310\Scripts\;C:\Python310\;C:\Program Files (x86)\Microsoft SDKs\Azure\CLI2\wbin;C:\Program Files\Common Files\Oracle\Java\javapath;C:\Program Files\Amazon Corretto\jdk11.0.7_10\bin;C:\Program Files\Python38\Scripts\;C:\Program Files\Python38\;C:\Python27\;C:\Python27\Scripts;C:\Windows\system32;C:\Windows;C:\Windows\System32\Wbem;C:\Windows\System32\WindowsPowerShell\v1.0\;C:\Program Files (x86)\NVIDIA Corporation\PhysX\Common;C:\Program Files\NVIDIA Corporation\NVIDIA NvDLISR;C:\WINDOWS\system32;C:\WINDOWS;C:\WINDOWS\System32\Wbem;C:\WINDOWS\System32\WindowsPowerShell\v1.0\;C:\WINDOWS\System32\OpenSSH\;C:\ProgramData\chocolatey\bin;C:\Python\MyPythonScripts\;C:\Program Files\SourceGear\Common\DiffMerge\;C:\Program Files\Microsoft\Azure Functions Core Tools\;C:\Program Files\dotnet\;C:\Program Files\Microsoft SQL Server\130\Tools\Binn\;C:\Program Files\Microsoft SQL Server\Client SDK\ODBC\170\Tools\Binn\;C:\xampp\php;C:\composer;C:\Program Files\Docker\Docker\resources\bin;C:\ProgramData\DockerDesktop\version-bin;C:\Program Files (x86)\FAHClient;C:\Program Files\Amazon\AWSCLIV2\;C:\Program Files\Python39\Scripts;C:\ffmpeg;C:\Program Files\Python39\;C:\Program Files\Git\cmd;C:\Users\A Horse With No Name\AppData\Local\Programs\Python\Python39\Scripts;C:\Program Files\Git\bin;C:\ffmpeg;C:\Users\A Horse With No Name\AppData\Local\Programs\Python\Python39\;C:\Program Files\VideoLAN\VLC\;C:\Program Files\nodejs\;C:\Program Files (x86)\Yarn\bin\;C:\Ruby31-x64\bin;C:\Users\A Horse With No Name\AppData\Local\Microsoft\WindowsApps;C:\Users\A Horse With No Name\AppData\Local\atom\bin;C:\Users\A Horse With No Name\AppData\Local\Programs\Microsoft VS Code\bin;C:\Users\A Horse With No Name\AppData\Local\GitHubDesktop\bin;C:\Users\A Horse With No Name\AppData\Local\Microsoft\WindowsApps;C:\Users\A Horse With No Name\.dotnet\tools;C:\Users\A Horse With No Name\AppData\Roaming\Composer\vendor\bin;C:\Users\A Horse With No Name\AppData\Roaming\npm;C:\sqlite3;C:\Users\A Horse With No Name\AppData\Local\Yarn\bin

Yarn version: 
  1.22.19

Node version: 
  16.15.0

Platform: 
  win32 x64

Trace: 
  Error: https://registry.yarnpkg.com/import-map: Not found
      at Request.params.callback [as _callback] (C:\Program Files (x86)\Yarn\lib\cli.js:66145:18)
      at Request.self.callback (C:\Program Files (x86)\Yarn\lib\cli.js:140890:22)
      at Request.emit (node:events:527:28)
      at Request.<anonymous> (C:\Program Files (x86)\Yarn\lib\cli.js:141862:10)
      at Request.emit (node:events:527:28)
      at IncomingMessage.<anonymous> (C:\Program Files (x86)\Yarn\lib\cli.js:141784:12)
      at Object.onceWrapper (node:events:641:28)
      at IncomingMessage.emit (node:events:539:35)
      at endReadableNT (node:internal/streams/readable:1345:12)
      at processTicksAndRejections (node:internal/process/task_queues:83:21)

npm manifest: 
  {
    "dependencies": {
      "jquery": "^3.6.0"
    }
  }

yarn manifest: 
  No manifest

Lockfile: 
  # THIS IS AN AUTOGENERATED FILE. DO NOT EDIT THIS FILE DIRECTLY.
  # yarn lockfile v1
  
  
  jquery@^3.6.0:
    version "3.6.0"
    resolved "https://registry.yarnpkg.com/jquery/-/jquery-3.6.0.tgz#c72a09f15c1bdce142f49dbf1170bdf8adac2470"
    integrity sha512-JVzAR/AjBvVt2BmYhxRCSYysDsPcssdmTFnzyLEts9qNwmjmu4JTAMYubEfwVOSwpQ1I1sKKFcxhZCI2buerfw==
